2020/11/16 14:08:50 [error] [exception.CHttpException.404] CHttpException: Unable to resolve the request "?r=gii". in C:\OSPanel\domains\yii1.1.loc\www\framework\web\CWebApplication.php:286
Stack trace:
#0 C:\OSPanel\domains\yii1.1.loc\www\framework\web\CWebApplication.php(141): CWebApplication->runController('?r=gii')
#1 C:\OSPanel\domains\yii1.1.loc\www\framework\base\CApplication.php(185): CWebApplication->processRequest()
#2 C:\OSPanel\domains\yii1.1.loc\www\index.php(13): CApplication->run()
#3 {main}
REQUEST_URI=/index.php?r=?r=gii
---
2020/11/16 15:38:51 [error] [exception.CException] CException: SiteController cannot find the requested view "post/index". in C:\OSPanel\domains\yii1.1.loc\www\framework\web\CController.php:881
Stack trace:
#0 C:\OSPanel\domains\yii1.1.loc\www\framework\web\CController.php(785): CController->renderPartial('post/index', NULL, true)
#1 C:\OSPanel\domains\yii1.1.loc\www\protected\controllers\SiteController.php(32): CController->render('post/index')
#2 C:\OSPanel\domains\yii1.1.loc\www\framework\web\actions\CInlineAction.php(49): SiteController->actionIndex()
#3 C:\OSPanel\domains\yii1.1.loc\www\framework\web\CController.php(308): CInlineAction->runWithParams(Array)
#4 C:\OSPanel\domains\yii1.1.loc\www\framework\web\CController.php(286): CController->runAction(Object(CInlineAction))
#5 C:\OSPanel\domains\yii1.1.loc\www\framework\web\CController.php(265): CController->runActionWithFilters(Object(CInlineAction), Array)
#6 C:\OSPanel\domains\yii1.1.loc\www\framework\web\CWebApplication.php(282): CController->run('index')
#7 C:\OSPanel\domains\yii1.1.loc\www\framework\web\CWebApplication.php(141): CWebApplication->runController('site/index')
#8 C:\OSPanel\domains\yii1.1.loc\www\framework\base\CApplication.php(185): CWebApplication->processRequest()
#9 C:\OSPanel\domains\yii1.1.loc\www\index.php(13): CApplication->run()
#10 {main}
REQUEST_URI=/index.php?r=site/index
HTTP_REFERER=http://yii1.1.loc/index.php?r=site/index
---
2020/11/16 15:38:58 [error] [exception.CException] CException: SiteController cannot find the requested view "post.index". in C:\OSPanel\domains\yii1.1.loc\www\framework\web\CController.php:881
Stack trace:
#0 C:\OSPanel\domains\yii1.1.loc\www\framework\web\CController.php(785): CController->renderPartial('post.index', NULL, true)
#1 C:\OSPanel\domains\yii1.1.loc\www\protected\controllers\SiteController.php(32): CController->render('post.index')
#2 C:\OSPanel\domains\yii1.1.loc\www\framework\web\actions\CInlineAction.php(49): SiteController->actionIndex()
#3 C:\OSPanel\domains\yii1.1.loc\www\framework\web\CController.php(308): CInlineAction->runWithParams(Array)
#4 C:\OSPanel\domains\yii1.1.loc\www\framework\web\CController.php(286): CController->runAction(Object(CInlineAction))
#5 C:\OSPanel\domains\yii1.1.loc\www\framework\web\CController.php(265): CController->runActionWithFilters(Object(CInlineAction), Array)
#6 C:\OSPanel\domains\yii1.1.loc\www\framework\web\CWebApplication.php(282): CController->run('index')
#7 C:\OSPanel\domains\yii1.1.loc\www\framework\web\CWebApplication.php(141): CWebApplication->runController('site/index')
#8 C:\OSPanel\domains\yii1.1.loc\www\framework\base\CApplication.php(185): CWebApplication->processRequest()
#9 C:\OSPanel\domains\yii1.1.loc\www\index.php(13): CApplication->run()
#10 {main}
REQUEST_URI=/index.php?r=site/index
HTTP_REFERER=http://yii1.1.loc/index.php?r=site/index
---
2020/11/16 15:42:35 [error] [exception.CException] CException: The "dataProvider" property cannot be empty. in C:\OSPanel\domains\yii1.1.loc\www\framework\zii\widgets\CBaseListView.php:123
Stack trace:
#0 C:\OSPanel\domains\yii1.1.loc\www\framework\zii\widgets\CListView.php(211): CBaseListView->init()
#1 C:\OSPanel\domains\yii1.1.loc\www\framework\web\CBaseController.php(147): CListView->init()
#2 C:\OSPanel\domains\yii1.1.loc\www\framework\web\CBaseController.php(181): CBaseController->createWidget('zii.widgets.CLi...', Array)
#3 C:\OSPanel\domains\yii1.1.loc\www\protected\views\post\index.php(19): CBaseController->widget('zii.widgets.CLi...', Array)
#4 C:\OSPanel\domains\yii1.1.loc\www\framework\web\CBaseController.php(126): require('C:\\OSPanel\\doma...')
#5 C:\OSPanel\domains\yii1.1.loc\www\framework\web\CBaseController.php(95): CBaseController->renderInternal('C:\\OSPanel\\doma...', NULL, true)
#6 C:\OSPanel\domains\yii1.1.loc\www\framework\web\CController.php(872): CBaseController->renderFile('C:\\OSPanel\\doma...', NULL, true)
#7 C:\OSPanel\domains\yii1.1.loc\www\framework\web\CController.php(785): CController->renderPartial('/post/index', NULL, true)
#8 C:\OSPanel\domains\yii1.1.loc\www\protected\controllers\SiteController.php(32): CController->render('/post/index')
#9 C:\OSPanel\domains\yii1.1.loc\www\framework\web\actions\CInlineAction.php(49): SiteController->actionIndex()
#10 C:\OSPanel\domains\yii1.1.loc\www\framework\web\CController.php(308): CInlineAction->runWithParams(Array)
#11 C:\OSPanel\domains\yii1.1.loc\www\framework\web\CController.php(286): CController->runAction(Object(CInlineAction))
#12 C:\OSPanel\domains\yii1.1.loc\www\framework\web\CController.php(265): CController->runActionWithFilters(Object(CInlineAction), Array)
#13 C:\OSPanel\domains\yii1.1.loc\www\framework\web\CWebApplication.php(282): CController->run('index')
#14 C:\OSPanel\domains\yii1.1.loc\www\framework\web\CWebApplication.php(141): CWebApplication->runController('site/index')
#15 C:\OSPanel\domains\yii1.1.loc\www\framework\base\CApplication.php(185): CWebApplication->processRequest()
#16 C:\OSPanel\domains\yii1.1.loc\www\index.php(13): CApplication->run()
#17 {main}
REQUEST_URI=/index.php?r=site/index
HTTP_REFERER=http://yii1.1.loc/index.php?r=site/contact
---
2020/11/16 15:42:42 [error] [exception.CException] CException: The "dataProvider" property cannot be empty. in C:\OSPanel\domains\yii1.1.loc\www\framework\zii\widgets\CBaseListView.php:123
Stack trace:
#0 C:\OSPanel\domains\yii1.1.loc\www\framework\zii\widgets\CListView.php(211): CBaseListView->init()
#1 C:\OSPanel\domains\yii1.1.loc\www\framework\web\CBaseController.php(147): CListView->init()
#2 C:\OSPanel\domains\yii1.1.loc\www\framework\web\CBaseController.php(181): CBaseController->createWidget('zii.widgets.CLi...', Array)
#3 C:\OSPanel\domains\yii1.1.loc\www\protected\views\post\index.php(19): CBaseController->widget('zii.widgets.CLi...', Array)
#4 C:\OSPanel\domains\yii1.1.loc\www\framework\web\CBaseController.php(126): require('C:\\OSPanel\\doma...')
#5 C:\OSPanel\domains\yii1.1.loc\www\framework\web\CBaseController.php(95): CBaseController->renderInternal('C:\\OSPanel\\doma...', NULL, true)
#6 C:\OSPanel\domains\yii1.1.loc\www\framework\web\CController.php(872): CBaseController->renderFile('C:\\OSPanel\\doma...', NULL, true)
#7 C:\OSPanel\domains\yii1.1.loc\www\framework\web\CController.php(785): CController->renderPartial('/post/index', NULL, true)
#8 C:\OSPanel\domains\yii1.1.loc\www\protected\controllers\SiteController.php(32): CController->render('/post/index')
#9 C:\OSPanel\domains\yii1.1.loc\www\framework\web\actions\CInlineAction.php(49): SiteController->actionIndex()
#10 C:\OSPanel\domains\yii1.1.loc\www\framework\web\CController.php(308): CInlineAction->runWithParams(Array)
#11 C:\OSPanel\domains\yii1.1.loc\www\framework\web\CController.php(286): CController->runAction(Object(CInlineAction))
#12 C:\OSPanel\domains\yii1.1.loc\www\framework\web\CController.php(265): CController->runActionWithFilters(Object(CInlineAction), Array)
#13 C:\OSPanel\domains\yii1.1.loc\www\framework\web\CWebApplication.php(282): CController->run('')
#14 C:\OSPanel\domains\yii1.1.loc\www\framework\web\CWebApplication.php(141): CWebApplication->runController('')
#15 C:\OSPanel\domains\yii1.1.loc\www\framework\base\CApplication.php(185): CWebApplication->processRequest()
#16 C:\OSPanel\domains\yii1.1.loc\www\index.php(13): CApplication->run()
#17 {main}
REQUEST_URI=/index.php
---
2020/11/16 15:42:56 [error] [exception.CException] CException: SiteController cannot find the requested view "post.index". in C:\OSPanel\domains\yii1.1.loc\www\framework\web\CController.php:881
Stack trace:
#0 C:\OSPanel\domains\yii1.1.loc\www\framework\web\CController.php(785): CController->renderPartial('post.index', NULL, true)
#1 C:\OSPanel\domains\yii1.1.loc\www\protected\controllers\SiteController.php(32): CController->render('post.index')
#2 C:\OSPanel\domains\yii1.1.loc\www\framework\web\actions\CInlineAction.php(49): SiteController->actionIndex()
#3 C:\OSPanel\domains\yii1.1.loc\www\framework\web\CController.php(308): CInlineAction->runWithParams(Array)
#4 C:\OSPanel\domains\yii1.1.loc\www\framework\web\CController.php(286): CController->runAction(Object(CInlineAction))
#5 C:\OSPanel\domains\yii1.1.loc\www\framework\web\CController.php(265): CController->runActionWithFilters(Object(CInlineAction), Array)
#6 C:\OSPanel\domains\yii1.1.loc\www\framework\web\CWebApplication.php(282): CController->run('index')
#7 C:\OSPanel\domains\yii1.1.loc\www\framework\web\CWebApplication.php(141): CWebApplication->runController('site/index')
#8 C:\OSPanel\domains\yii1.1.loc\www\framework\base\CApplication.php(185): CWebApplication->processRequest()
#9 C:\OSPanel\domains\yii1.1.loc\www\index.php(13): CApplication->run()
#10 {main}
REQUEST_URI=/index.php?r=site/index
HTTP_REFERER=http://yii1.1.loc/index.php?r=site/contact
---
2020/11/16 15:51:18 [error] [exception.CException] CException: The "dataProvider" property cannot be empty. in C:\OSPanel\domains\yii1.1.loc\www\framework\zii\widgets\CBaseListView.php:123
Stack trace:
#0 C:\OSPanel\domains\yii1.1.loc\www\framework\zii\widgets\CListView.php(211): CBaseListView->init()
#1 C:\OSPanel\domains\yii1.1.loc\www\framework\web\CBaseController.php(147): CListView->init()
#2 C:\OSPanel\domains\yii1.1.loc\www\framework\web\CBaseController.php(181): CBaseController->createWidget('zii.widgets.CLi...', Array)
#3 C:\OSPanel\domains\yii1.1.loc\www\protected\views\site\index.php(19): CBaseController->widget('zii.widgets.CLi...', Array)
#4 C:\OSPanel\domains\yii1.1.loc\www\framework\web\CBaseController.php(126): require('C:\\OSPanel\\doma...')
#5 C:\OSPanel\domains\yii1.1.loc\www\framework\web\CBaseController.php(95): CBaseController->renderInternal('C:\\OSPanel\\doma...', NULL, true)
#6 C:\OSPanel\domains\yii1.1.loc\www\framework\web\CController.php(872): CBaseController->renderFile('C:\\OSPanel\\doma...', NULL, true)
#7 C:\OSPanel\domains\yii1.1.loc\www\framework\web\CController.php(785): CController->renderPartial('index', NULL, true)
#8 C:\OSPanel\domains\yii1.1.loc\www\protected\controllers\SiteController.php(32): CController->render('index')
#9 C:\OSPanel\domains\yii1.1.loc\www\framework\web\actions\CInlineAction.php(49): SiteController->actionIndex()
#10 C:\OSPanel\domains\yii1.1.loc\www\framework\web\CController.php(308): CInlineAction->runWithParams(Array)
#11 C:\OSPanel\domains\yii1.1.loc\www\framework\web\CController.php(286): CController->runAction(Object(CInlineAction))
#12 C:\OSPanel\domains\yii1.1.loc\www\framework\web\CController.php(265): CController->runActionWithFilters(Object(CInlineAction), Array)
#13 C:\OSPanel\domains\yii1.1.loc\www\framework\web\CWebApplication.php(282): CController->run('')
#14 C:\OSPanel\domains\yii1.1.loc\www\framework\web\CWebApplication.php(141): CWebApplication->runController('')
#15 C:\OSPanel\domains\yii1.1.loc\www\framework\base\CApplication.php(185): CWebApplication->processRequest()
#16 C:\OSPanel\domains\yii1.1.loc\www\index.php(13): CApplication->run()
#17 {main}
REQUEST_URI=/index.php
HTTP_REFERER=http://yii1.1.loc/index.php?r=post/index
---
2020/11/16 17:10:05 [error] [exception.CException] CException: The "dataProvider" property cannot be empty. in C:\OSPanel\domains\yii1.1.loc\www\framework\zii\widgets\CBaseListView.php:123
Stack trace:
#0 C:\OSPanel\domains\yii1.1.loc\www\framework\zii\widgets\CListView.php(211): CBaseListView->init()
#1 C:\OSPanel\domains\yii1.1.loc\www\framework\web\CBaseController.php(147): CListView->init()
#2 C:\OSPanel\domains\yii1.1.loc\www\framework\web\CBaseController.php(181): CBaseController->createWidget('zii.widgets.CLi...', Array)
#3 C:\OSPanel\domains\yii1.1.loc\www\protected\views\site\index.php(13): CBaseController->widget('zii.widgets.CLi...', Array)
#4 C:\OSPanel\domains\yii1.1.loc\www\framework\web\CBaseController.php(126): require('C:\\OSPanel\\doma...')
#5 C:\OSPanel\domains\yii1.1.loc\www\framework\web\CBaseController.php(95): CBaseController->renderInternal('C:\\OSPanel\\doma...', NULL, true)
#6 C:\OSPanel\domains\yii1.1.loc\www\framework\web\CController.php(872): CBaseController->renderFile('C:\\OSPanel\\doma...', NULL, true)
#7 C:\OSPanel\domains\yii1.1.loc\www\framework\web\CController.php(785): CController->renderPartial('index', NULL, true)
#8 C:\OSPanel\domains\yii1.1.loc\www\protected\controllers\SiteController.php(32): CController->render('index')
#9 C:\OSPanel\domains\yii1.1.loc\www\framework\web\actions\CInlineAction.php(49): SiteController->actionIndex()
#10 C:\OSPanel\domains\yii1.1.loc\www\framework\web\CController.php(308): CInlineAction->runWithParams(Array)
#11 C:\OSPanel\domains\yii1.1.loc\www\framework\web\CController.php(286): CController->runAction(Object(CInlineAction))
#12 C:\OSPanel\domains\yii1.1.loc\www\framework\web\CController.php(265): CController->runActionWithFilters(Object(CInlineAction), Array)
#13 C:\OSPanel\domains\yii1.1.loc\www\framework\web\CWebApplication.php(282): CController->run('index')
#14 C:\OSPanel\domains\yii1.1.loc\www\framework\web\CWebApplication.php(141): CWebApplication->runController('site/index')
#15 C:\OSPanel\domains\yii1.1.loc\www\framework\base\CApplication.php(185): CWebApplication->processRequest()
#16 C:\OSPanel\domains\yii1.1.loc\www\index.php(13): CApplication->run()
#17 {main}
REQUEST_URI=/index.php?r=site/index
HTTP_REFERER=http://yii1.1.loc/index.php?r=post/index
---
2020/11/16 17:10:11 [error] [exception.CException] CException: The "dataProvider" property cannot be empty. in C:\OSPanel\domains\yii1.1.loc\www\framework\zii\widgets\CBaseListView.php:123
Stack trace:
#0 C:\OSPanel\domains\yii1.1.loc\www\framework\zii\widgets\CListView.php(211): CBaseListView->init()
#1 C:\OSPanel\domains\yii1.1.loc\www\framework\web\CBaseController.php(147): CListView->init()
#2 C:\OSPanel\domains\yii1.1.loc\www\framework\web\CBaseController.php(181): CBaseController->createWidget('zii.widgets.CLi...', Array)
#3 C:\OSPanel\domains\yii1.1.loc\www\protected\views\site\index.php(13): CBaseController->widget('zii.widgets.CLi...', Array)
#4 C:\OSPanel\domains\yii1.1.loc\www\framework\web\CBaseController.php(126): require('C:\\OSPanel\\doma...')
#5 C:\OSPanel\domains\yii1.1.loc\www\framework\web\CBaseController.php(95): CBaseController->renderInternal('C:\\OSPanel\\doma...', NULL, true)
#6 C:\OSPanel\domains\yii1.1.loc\www\framework\web\CController.php(872): CBaseController->renderFile('C:\\OSPanel\\doma...', NULL, true)
#7 C:\OSPanel\domains\yii1.1.loc\www\framework\web\CController.php(785): CController->renderPartial('index', NULL, true)
#8 C:\OSPanel\domains\yii1.1.loc\www\protected\controllers\SiteController.php(32): CController->render('index')
#9 C:\OSPanel\domains\yii1.1.loc\www\framework\web\actions\CInlineAction.php(49): SiteController->actionIndex()
#10 C:\OSPanel\domains\yii1.1.loc\www\framework\web\CController.php(308): CInlineAction->runWithParams(Array)
#11 C:\OSPanel\domains\yii1.1.loc\www\framework\web\CController.php(286): CController->runAction(Object(CInlineAction))
#12 C:\OSPanel\domains\yii1.1.loc\www\framework\web\CController.php(265): CController->runActionWithFilters(Object(CInlineAction), Array)
#13 C:\OSPanel\domains\yii1.1.loc\www\framework\web\CWebApplication.php(282): CController->run('index')
#14 C:\OSPanel\domains\yii1.1.loc\www\framework\web\CWebApplication.php(141): CWebApplication->runController('site/index')
#15 C:\OSPanel\domains\yii1.1.loc\www\framework\base\CApplication.php(185): CWebApplication->processRequest()
#16 C:\OSPanel\domains\yii1.1.loc\www\index.php(13): CApplication->run()
#17 {main}
REQUEST_URI=/index.php?r=site/index
HTTP_REFERER=http://yii1.1.loc/index.php?r=post/index
---
2020/11/16 17:10:18 [error] [exception.CException] CException: The "dataProvider" property cannot be empty. in C:\OSPanel\domains\yii1.1.loc\www\framework\zii\widgets\CBaseListView.php:123
Stack trace:
#0 C:\OSPanel\domains\yii1.1.loc\www\framework\zii\widgets\CListView.php(211): CBaseListView->init()
#1 C:\OSPanel\domains\yii1.1.loc\www\framework\web\CBaseController.php(147): CListView->init()
#2 C:\OSPanel\domains\yii1.1.loc\www\framework\web\CBaseController.php(181): CBaseController->createWidget('zii.widgets.CLi...', Array)
#3 C:\OSPanel\domains\yii1.1.loc\www\protected\views\site\index.php(13): CBaseController->widget('zii.widgets.CLi...', Array)
#4 C:\OSPanel\domains\yii1.1.loc\www\framework\web\CBaseController.php(126): require('C:\\OSPanel\\doma...')
#5 C:\OSPanel\domains\yii1.1.loc\www\framework\web\CBaseController.php(95): CBaseController->renderInternal('C:\\OSPanel\\doma...', NULL, true)
#6 C:\OSPanel\domains\yii1.1.loc\www\framework\web\CController.php(872): CBaseController->renderFile('C:\\OSPanel\\doma...', NULL, true)
#7 C:\OSPanel\domains\yii1.1.loc\www\framework\web\CController.php(785): CController->renderPartial('index', NULL, true)
#8 C:\OSPanel\domains\yii1.1.loc\www\protected\controllers\SiteController.php(32): CController->render('index')
#9 C:\OSPanel\domains\yii1.1.loc\www\framework\web\actions\CInlineAction.php(49): SiteController->actionIndex()
#10 C:\OSPanel\domains\yii1.1.loc\www\framework\web\CController.php(308): CInlineAction->runWithParams(Array)
#11 C:\OSPanel\domains\yii1.1.loc\www\framework\web\CController.php(286): CController->runAction(Object(CInlineAction))
#12 C:\OSPanel\domains\yii1.1.loc\www\framework\web\CController.php(265): CController->runActionWithFilters(Object(CInlineAction), Array)
#13 C:\OSPanel\domains\yii1.1.loc\www\framework\web\CWebApplication.php(282): CController->run('index')
#14 C:\OSPanel\domains\yii1.1.loc\www\framework\web\CWebApplication.php(141): CWebApplication->runController('site/index')
#15 C:\OSPanel\domains\yii1.1.loc\www\framework\base\CApplication.php(185): CWebApplication->processRequest()
#16 C:\OSPanel\domains\yii1.1.loc\www\index.php(13): CApplication->run()
#17 {main}
REQUEST_URI=/index.php?r=site/index
HTTP_REFERER=http://yii1.1.loc/index.php?r=post/index
---
2020/11/16 17:13:43 [error] [php] require(): Filename cannot be empty (C:\OSPanel\domains\yii1.1.loc\www\framework\web\CBaseController.php:130)
Stack trace:
#0 C:\OSPanel\domains\yii1.1.loc\www\framework\zii\widgets\CListView.php(291): SiteController->renderFile()
#1 C:\OSPanel\domains\yii1.1.loc\www\framework\zii\widgets\CBaseListView.php(181): CListView->renderItems()
#2 unknown(0): CListView->renderSection()
#3 C:\OSPanel\domains\yii1.1.loc\www\framework\zii\widgets\CBaseListView.php(164): preg_replace_callback()
#4 C:\OSPanel\domains\yii1.1.loc\www\framework\zii\widgets\CBaseListView.php(149): CListView->renderContent()
#5 C:\OSPanel\domains\yii1.1.loc\www\framework\web\CBaseController.php(182): CListView->run()
#6 C:\OSPanel\domains\yii1.1.loc\www\protected\views\site\index.php(22): SiteController->widget()
#7 C:\OSPanel\domains\yii1.1.loc\www\framework\web\CBaseController.php(126): require()
#8 C:\OSPanel\domains\yii1.1.loc\www\framework\web\CBaseController.php(95): SiteController->renderInternal()
#9 C:\OSPanel\domains\yii1.1.loc\www\framework\web\CController.php(872): SiteController->renderFile()
#10 C:\OSPanel\domains\yii1.1.loc\www\framework\web\CController.php(785): SiteController->renderPartial()
#11 C:\OSPanel\domains\yii1.1.loc\www\protected\controllers\SiteController.php(35): SiteController->render()
#12 C:\OSPanel\domains\yii1.1.loc\www\framework\web\actions\CInlineAction.php(49): SiteController->actionIndex()
#13 C:\OSPanel\domains\yii1.1.loc\www\framework\web\CController.php(308): CInlineAction->runWithParams()
#14 C:\OSPanel\domains\yii1.1.loc\www\framework\web\CController.php(286): SiteController->runAction()
#15 C:\OSPanel\domains\yii1.1.loc\www\framework\web\CController.php(265): SiteController->runActionWithFilters()
#16 C:\OSPanel\domains\yii1.1.loc\www\framework\web\CWebApplication.php(282): SiteController->run()
#17 C:\OSPanel\domains\yii1.1.loc\www\framework\web\CWebApplication.php(141): CWebApplication->runController()
#18 C:\OSPanel\domains\yii1.1.loc\www\framework\base\CApplication.php(185): CWebApplication->processRequest()
#19 C:\OSPanel\domains\yii1.1.loc\www\index.php(13): CWebApplication->run()
REQUEST_URI=/index.php?r=site/index
in C:\OSPanel\domains\yii1.1.loc\www\protected\views\site\index.php (22)
in C:\OSPanel\domains\yii1.1.loc\www\protected\controllers\SiteController.php (35)
in C:\OSPanel\domains\yii1.1.loc\www\index.php (13)
2020/11/16 17:13:52 [error] [php] require(): Filename cannot be empty (C:\OSPanel\domains\yii1.1.loc\www\framework\web\CBaseController.php:130)
Stack trace:
#0 C:\OSPanel\domains\yii1.1.loc\www\framework\zii\widgets\CListView.php(291): SiteController->renderFile()
#1 C:\OSPanel\domains\yii1.1.loc\www\framework\zii\widgets\CBaseListView.php(181): CListView->renderItems()
#2 unknown(0): CListView->renderSection()
#3 C:\OSPanel\domains\yii1.1.loc\www\framework\zii\widgets\CBaseListView.php(164): preg_replace_callback()
#4 C:\OSPanel\domains\yii1.1.loc\www\framework\zii\widgets\CBaseListView.php(149): CListView->renderContent()
#5 C:\OSPanel\domains\yii1.1.loc\www\framework\web\CBaseController.php(182): CListView->run()
#6 C:\OSPanel\domains\yii1.1.loc\www\protected\views\site\index.php(22): SiteController->widget()
#7 C:\OSPanel\domains\yii1.1.loc\www\framework\web\CBaseController.php(126): require()
#8 C:\OSPanel\domains\yii1.1.loc\www\framework\web\CBaseController.php(95): SiteController->renderInternal()
#9 C:\OSPanel\domains\yii1.1.loc\www\framework\web\CController.php(872): SiteController->renderFile()
#10 C:\OSPanel\domains\yii1.1.loc\www\framework\web\CController.php(785): SiteController->renderPartial()
#11 C:\OSPanel\domains\yii1.1.loc\www\protected\controllers\SiteController.php(35): SiteController->render()
#12 C:\OSPanel\domains\yii1.1.loc\www\framework\web\actions\CInlineAction.php(49): SiteController->actionIndex()
#13 C:\OSPanel\domains\yii1.1.loc\www\framework\web\CController.php(308): CInlineAction->runWithParams()
#14 C:\OSPanel\domains\yii1.1.loc\www\framework\web\CController.php(286): SiteController->runAction()
#15 C:\OSPanel\domains\yii1.1.loc\www\framework\web\CController.php(265): SiteController->runActionWithFilters()
#16 C:\OSPanel\domains\yii1.1.loc\www\framework\web\CWebApplication.php(282): SiteController->run()
#17 C:\OSPanel\domains\yii1.1.loc\www\framework\web\CWebApplication.php(141): CWebApplication->runController()
#18 C:\OSPanel\domains\yii1.1.loc\www\framework\base\CApplication.php(185): CWebApplication->processRequest()
#19 C:\OSPanel\domains\yii1.1.loc\www\index.php(13): CWebApplication->run()
REQUEST_URI=/index.php?r=site/index
in C:\OSPanel\domains\yii1.1.loc\www\protected\views\site\index.php (22)
in C:\OSPanel\domains\yii1.1.loc\www\protected\controllers\SiteController.php (35)
in C:\OSPanel\domains\yii1.1.loc\www\index.php (13)
2020/11/16 17:15:45 [error] [php] include(lenght.php): failed to open stream: No such file or directory (C:\OSPanel\domains\yii1.1.loc\www\framework\YiiBase.php:463)
Stack trace:
#0 unknown(0): spl_autoload_call()
#1 C:\OSPanel\domains\yii1.1.loc\www\framework\YiiBase.php(310): class_exists()
#2 C:\OSPanel\domains\yii1.1.loc\www\framework\validators\CValidator.php(174): import()
#3 C:\OSPanel\domains\yii1.1.loc\www\framework\base\CModel.php(287): createValidator()
#4 C:\OSPanel\domains\yii1.1.loc\www\framework\base\CModel.php(260): Post->createValidators()
#5 C:\OSPanel\domains\yii1.1.loc\www\framework\base\CModel.php(304): Post->getValidators()
#6 C:\OSPanel\domains\yii1.1.loc\www\framework\web\helpers\CHtml.php(1520): Post->isAttributeRequired()
#7 C:\OSPanel\domains\yii1.1.loc\www\framework\web\widgets\CActiveForm.php(600): activeLabelEx()
#8 C:\OSPanel\domains\yii1.1.loc\www\protected\views\post\_form.php(23): CActiveForm->labelEx()
#9 C:\OSPanel\domains\yii1.1.loc\www\framework\web\CBaseController.php(126): require()
#10 C:\OSPanel\domains\yii1.1.loc\www\framework\web\CBaseController.php(95): PostController->renderInternal()
#11 C:\OSPanel\domains\yii1.1.loc\www\framework\web\CController.php(872): PostController->renderFile()
#12 C:\OSPanel\domains\yii1.1.loc\www\protected\views\post\create.php(18): PostController->renderPartial()
#13 C:\OSPanel\domains\yii1.1.loc\www\framework\web\CBaseController.php(126): require()
#14 C:\OSPanel\domains\yii1.1.loc\www\framework\web\CBaseController.php(95): PostController->renderInternal()
#15 C:\OSPanel\domains\yii1.1.loc\www\framework\web\CController.php(872): PostController->renderFile()
#16 C:\OSPanel\domains\yii1.1.loc\www\framework\web\CController.php(785): PostController->renderPartial()
#17 C:\OSPanel\domains\yii1.1.loc\www\protected\controllers\PostController.php(78): PostController->render()
#18 C:\OSPanel\domains\yii1.1.loc\www\framework\web\actions\CInlineAction.php(49): PostController->actionCreate()
#19 C:\OSPanel\domains\yii1.1.loc\www\framework\web\CController.php(308): CInlineAction->runWithParams()
#20 C:\OSPanel\domains\yii1.1.loc\www\framework\web\filters\CFilterChain.php(134): PostController->runAction()
#21 C:\OSPanel\domains\yii1.1.loc\www\framework\web\filters\CFilter.php(40): CFilterChain->run()
#22 C:\OSPanel\domains\yii1.1.loc\www\framework\web\CController.php(1148): CAccessControlFilter->filter()
#23 C:\OSPanel\domains\yii1.1.loc\www\framework\web\filters\CInlineFilter.php(58): PostController->filterAccessControl()
#24 C:\OSPanel\domains\yii1.1.loc\www\framework\web\filters\CFilterChain.php(131): CInlineFilter->filter()
#25 C:\OSPanel\domains\yii1.1.loc\www\framework\web\CController.php(291): CFilterChain->run()
#26 C:\OSPanel\domains\yii1.1.loc\www\framework\web\CController.php(265): PostController->runActionWithFilters()
#27 C:\OSPanel\domains\yii1.1.loc\www\framework\web\CWebApplication.php(282): PostController->run()
#28 C:\OSPanel\domains\yii1.1.loc\www\framework\web\CWebApplication.php(141): CWebApplication->runController()
#29 C:\OSPanel\domains\yii1.1.loc\www\framework\base\CApplication.php(185): CWebApplication->processRequest()
#30 C:\OSPanel\domains\yii1.1.loc\www\index.php(13): CWebApplication->run()
REQUEST_URI=/index.php?r=post/create
in C:\OSPanel\domains\yii1.1.loc\www\protected\views\post\_form.php (23)
in C:\OSPanel\domains\yii1.1.loc\www\protected\views\post\create.php (18)
in C:\OSPanel\domains\yii1.1.loc\www\protected\controllers\PostController.php (78)
2020/11/16 17:16:21 [error] [php] include(lenght.php): failed to open stream: No such file or directory (C:\OSPanel\domains\yii1.1.loc\www\framework\YiiBase.php:463)
Stack trace:
#0 unknown(0): spl_autoload_call()
#1 C:\OSPanel\domains\yii1.1.loc\www\framework\YiiBase.php(310): class_exists()
#2 C:\OSPanel\domains\yii1.1.loc\www\framework\validators\CValidator.php(174): import()
#3 C:\OSPanel\domains\yii1.1.loc\www\framework\base\CModel.php(287): createValidator()
#4 C:\OSPanel\domains\yii1.1.loc\www\framework\base\CModel.php(260): Post->createValidators()
#5 C:\OSPanel\domains\yii1.1.loc\www\framework\base\CModel.php(304): Post->getValidators()
#6 C:\OSPanel\domains\yii1.1.loc\www\framework\web\helpers\CHtml.php(1520): Post->isAttributeRequired()
#7 C:\OSPanel\domains\yii1.1.loc\www\framework\web\widgets\CActiveForm.php(600): activeLabelEx()
#8 C:\OSPanel\domains\yii1.1.loc\www\protected\views\post\_form.php(23): CActiveForm->labelEx()
#9 C:\OSPanel\domains\yii1.1.loc\www\framework\web\CBaseController.php(126): require()
#10 C:\OSPanel\domains\yii1.1.loc\www\framework\web\CBaseController.php(95): PostController->renderInternal()
#11 C:\OSPanel\domains\yii1.1.loc\www\framework\web\CController.php(872): PostController->renderFile()
#12 C:\OSPanel\domains\yii1.1.loc\www\protected\views\post\create.php(18): PostController->renderPartial()
#13 C:\OSPanel\domains\yii1.1.loc\www\framework\web\CBaseController.php(126): require()
#14 C:\OSPanel\domains\yii1.1.loc\www\framework\web\CBaseController.php(95): PostController->renderInternal()
#15 C:\OSPanel\domains\yii1.1.loc\www\framework\web\CController.php(872): PostController->renderFile()
#16 C:\OSPanel\domains\yii1.1.loc\www\framework\web\CController.php(785): PostController->renderPartial()
#17 C:\OSPanel\domains\yii1.1.loc\www\protected\controllers\PostController.php(78): PostController->render()
#18 C:\OSPanel\domains\yii1.1.loc\www\framework\web\actions\CInlineAction.php(49): PostController->actionCreate()
#19 C:\OSPanel\domains\yii1.1.loc\www\framework\web\CController.php(308): CInlineAction->runWithParams()
#20 C:\OSPanel\domains\yii1.1.loc\www\framework\web\filters\CFilterChain.php(134): PostController->runAction()
#21 C:\OSPanel\domains\yii1.1.loc\www\framework\web\filters\CFilter.php(40): CFilterChain->run()
#22 C:\OSPanel\domains\yii1.1.loc\www\framework\web\CController.php(1148): CAccessControlFilter->filter()
#23 C:\OSPanel\domains\yii1.1.loc\www\framework\web\filters\CInlineFilter.php(58): PostController->filterAccessControl()
#24 C:\OSPanel\domains\yii1.1.loc\www\framework\web\filters\CFilterChain.php(131): CInlineFilter->filter()
#25 C:\OSPanel\domains\yii1.1.loc\www\framework\web\CController.php(291): CFilterChain->run()
#26 C:\OSPanel\domains\yii1.1.loc\www\framework\web\CController.php(265): PostController->runActionWithFilters()
#27 C:\OSPanel\domains\yii1.1.loc\www\framework\web\CWebApplication.php(282): PostController->run()
#28 C:\OSPanel\domains\yii1.1.loc\www\framework\web\CWebApplication.php(141): CWebApplication->runController()
#29 C:\OSPanel\domains\yii1.1.loc\www\framework\base\CApplication.php(185): CWebApplication->processRequest()
#30 C:\OSPanel\domains\yii1.1.loc\www\index.php(13): CWebApplication->run()
REQUEST_URI=/index.php?r=post/create
in C:\OSPanel\domains\yii1.1.loc\www\protected\views\post\_form.php (23)
in C:\OSPanel\domains\yii1.1.loc\www\protected\views\post\create.php (18)
in C:\OSPanel\domains\yii1.1.loc\www\protected\controllers\PostController.php (78)
